.workspace/real-build-1787507332057/app/build/intermediates/manifest_merge_blame_file/debug/processDebugMainManifest/manifest-merger-blame-debug-report.txt
1<?xml version="1.0" encoding="utf-8"?>
2<manifest xmlns:android="http://schemas.android.com/apk/res/android"
3    package="com.builder.app"
4    android:versionCode="1"
5    android:versionName="1.0" >
6
7    <uses-sdk
8        android:minSdkVersion="24"
9        android:targetSdkVersion="33" />
10
11    <uses-permission android:name="android.permission.INTERNET" />
11-->src/main/AndroidManifest.xml:3:5-67
11-->src/main/AndroidManifest.xml:3:22-64
12
13    <application
13-->src/main/AndroidManifest.xml:4:5-11:19
14        android:allowBackup="true"
14-->src/main/AndroidManifest.xml:4:47-73
15        android:debuggable="true"
16        android:extractNativeLibs="false"
17        android:label="GeneratedApp"
17-->src/main/AndroidManifest.xml:4:18-46
18        android:supportsRtl="true" >
18-->src/main/AndroidManifest.xml:4:74-100
19        <activity
19-->src/main/AndroidManifest.xml:5:9-10:20
20            android:name="com.builder.app.MainActivity"
20-->src/main/AndroidManifest.xml:5:19-47
21            android:exported="true" >
21-->src/main/AndroidManifest.xml:5:48-71
22            <intent-filter>
22-->src/main/AndroidManifest.xml:6:13-9:29
23                <action android:name="android.intent.action.MAIN" />
23-->src/main/AndroidManifest.xml:7:17-69
23-->src/main/AndroidManifest.xml:7:25-66
24
25                <category android:name="android.intent.category.LAUNCHER" />
25-->src/main/AndroidManifest.xml:8:17-77
25-->src/main/AndroidManifest.xml:8:27-74
26            </intent-filter>
27        </activity>
28    </application>
29
30</manifest>